Thread "main" panicked with "there is no reactor running, must be called from the context of a Tokio 1.x runtime" at crates/zed_vision_sync/src/lib.rs:83:9
https://github.com/zed-industries/zed/blob/a6a111cadd34d79ef55d5b70d563178bbaffd965/crates/zed_vision_sync/src/lib.rs#L83 (may not be uploaded, line may be incorrect if files modified)
   0: backtrace::backtrace::libunwind::trace
             at /Users/bingo/.cargo/registry/src/index.crates.io-1949cf8c6b5b557f/backtrace-0.3.74/src/backtrace/libunwind.rs:116:5
      backtrace::backtrace::trace_unsynchronized::<<backtrace::capture::Backtrace>::create::{closure#0}>
             at /Users/bingo/.cargo/registry/src/index.crates.io-1949cf8c6b5b557f/backtrace-0.3.74/src/backtrace/mod.rs:66:5
   1: backtrace::backtrace::trace::<<backtrace::capture::Backtrace>::create::{closure#0}>
             at /Users/bingo/.cargo/registry/src/index.crates.io-1949cf8c6b5b557f/backtrace-0.3.74/src/backtrace/mod.rs:53:14
   2: <backtrace::capture::Backtrace>::create
             at /Users/bingo/.cargo/registry/src/index.crates.io-1949cf8c6b5b557f/backtrace-0.3.74/src/capture.rs:292:9
   3: <backtrace::capture::Backtrace>::new
             at /Users/bingo/.cargo/registry/src/index.crates.io-1949cf8c6b5b557f/backtrace-0.3.74/src/capture.rs:257:22
   4: zed::reliability::init_panic_hook::{closure#0}
             at /Users/bingo/Xcode/VibeHacks/zed/crates/zed/src/reliability.rs:72:29
   5: <alloc::boxed::Box<F,A> as core::ops::function::Fn<Args>>::call
             at /rustc/29483883eed69d5fb4db01964cdf2af4d86e9cb2/library/alloc/src/boxed.rs:1980:9
      std::panicking::rust_panic_with_hook
             at /rustc/29483883eed69d5fb4db01964cdf2af4d86e9cb2/library/std/src/panicking.rs:841:13
   6: std::panicking::begin_panic_handler::{{closure}}
             at /rustc/29483883eed69d5fb4db01964cdf2af4d86e9cb2/library/std/src/panicking.rs:706:13
   7: std::sys::backtrace::__rust_end_short_backtrace
             at /rustc/29483883eed69d5fb4db01964cdf2af4d86e9cb2/library/std/src/sys/backtrace.rs:168:18
   8: __rustc::rust_begin_unwind
             at /rustc/29483883eed69d5fb4db01964cdf2af4d86e9cb2/library/std/src/panicking.rs:697:5
   9: core::panicking::panic_fmt
             at /rustc/29483883eed69d5fb4db01964cdf2af4d86e9cb2/library/core/src/panicking.rs:75:14
  10: core::panicking::panic_display::<tokio::runtime::handle::TryCurrentError>
             at /rustc/29483883eed69d5fb4db01964cdf2af4d86e9cb2/library/core/src/panicking.rs:268:5
  11: tokio::task::spawn::spawn_inner::panic_cold_display::<tokio::runtime::handle::TryCurrentError>
             at /rustc/29483883eed69d5fb4db01964cdf2af4d86e9cb2/library/core/src/panic.rs:100:13
  12: tokio::task::spawn::spawn_inner::<<zed_vision_sync::ZedVisionSync>::start_service::{closure#0}>
             at /Users/bingo/.cargo/registry/src/index.crates.io-1949cf8c6b5b557f/tokio-1.44.2/src/task/spawn.rs:204:23
  13: tokio::task::spawn::spawn::<<zed_vision_sync::ZedVisionSync>::start_service::{closure#0}>
             at /Users/bingo/.cargo/registry/src/index.crates.io-1949cf8c6b5b557f/tokio-1.44.2/src/task/spawn.rs:175:13
  14: <zed_vision_sync::ZedVisionSync>::start_service
             at /Users/bingo/Xcode/VibeHacks/zed/crates/zed_vision_sync/src/lib.rs:83:9
  15: <zed_vision_sync::ZedVisionSync>::toggle_service
             at /Users/bingo/Xcode/VibeHacks/zed/crates/zed_vision_sync/src/lib.rs:119:18
  16: <zed_vision_sync::ui::VisionSyncPanel>::toggle_service::{closure#0}
             at /Users/bingo/Xcode/VibeHacks/zed/crates/zed_vision_sync/src/ui.rs:51:21
  17: <gpui::app::App as gpui::AppContext>::update_entity::<zed_vision_sync::ZedVisionSync, (), <zed_vision_sync::ui::VisionSyncPanel>::toggle_service::{closure#0}>::{closure#0}
             at /Users/bingo/Xcode/VibeHacks/zed/crates/gpui/src/app.rs:2150:26
  18: <gpui::app::App>::update::<(), <gpui::app::App as gpui::AppContext>::update_entity<zed_vision_sync::ZedVisionSync, (), <zed_vision_sync::ui::VisionSyncPanel>::toggle_service::{closure#0}>::{closure#0}>
             at /Users/bingo/Xcode/VibeHacks/zed/crates/gpui/src/app.rs:764:22
  19: <gpui::app::App as gpui::AppContext>::update_entity::<zed_vision_sync::ZedVisionSync, (), <zed_vision_sync::ui::VisionSyncPanel>::toggle_service::{closure#0}>
             at /Users/bingo/Xcode/VibeHacks/zed/crates/gpui/src/app.rs:2148:14
  20: <gpui::app::context::Context<zed_vision_sync::ui::VisionSyncPanel> as gpui::AppContext>::update_entity::<zed_vision_sync::ZedVisionSync, (), <zed_vision_sync::ui::VisionSyncPanel>::toggle_service::{closure#0}>
             at /Users/bingo/Xcode/VibeHacks/zed/crates/gpui/src/app/context.rs:735:18
  21: <gpui::app::entity_map::Entity<zed_vision_sync::ZedVisionSync>>::update::<(), gpui::app::context::Context<zed_vision_sync::ui::VisionSyncPanel>, <zed_vision_sync::ui::VisionSyncPanel>::toggle_service::{closure#0}>
             at /Users/bingo/Xcode/VibeHacks/zed/crates/gpui/src/app/entity_map.rs:437:12
  22: <zed_vision_sync::ui::VisionSyncPanel>::toggle_service
             at /Users/bingo/Xcode/VibeHacks/zed/crates/zed_vision_sync/src/ui.rs:50:27
  23: <zed_vision_sync::ui::VisionSyncPanel as gpui::element::Render>::render::{closure#0}
             at /Users/bingo/Xcode/VibeHacks/zed/crates/zed_vision_sync/src/ui.rs:72:38
  24: <gpui::app::context::Context<zed_vision_sync::ui::VisionSyncPanel>>::listener::<gpui::interactive::ClickEvent, <zed_vision_sync::ui::VisionSyncPanel as gpui::element::Render>::render::{closure#0}>::{closure#0}::{closure#0}
             at /Users/bingo/Xcode/VibeHacks/zed/crates/gpui/src/app/context.rs:233:40
  25: <gpui::app::App as gpui::AppContext>::update_entity::<zed_vision_sync::ui::VisionSyncPanel, (), <gpui::app::context::Context<zed_vision_sync::ui::VisionSyncPanel>>::listener<gpui::interactive::ClickEvent, <zed_vision_sync::ui::VisionSyncPanel as gpui::element::Render>::render::{closure#0}>::{closure#0}::{closure#0}>::{closure#0}
             at /Users/bingo/Xcode/VibeHacks/zed/crates/gpui/src/app.rs:2150:26
  26: <gpui::app::App>::update::<(), <gpui::app::App as gpui::AppContext>::update_entity<zed_vision_sync::ui::VisionSyncPanel, (), <gpui::app::context::Context<zed_vision_sync::ui::VisionSyncPanel>>::listener<gpui::interactive::ClickEvent, <zed_vision_sync::ui::VisionSyncPanel as gpui::element::Render>::render::{closure#0}>::{closure#0}::{closure#0}>::{closure#0}>
             at /Users/bingo/Xcode/VibeHacks/zed/crates/gpui/src/app.rs:764:22
  27: <gpui::app::App as gpui::AppContext>::update_entity::<zed_vision_sync::ui::VisionSyncPanel, (), <gpui::app::context::Context<zed_vision_sync::ui::VisionSyncPanel>>::listener<gpui::interactive::ClickEvent, <zed_vision_sync::ui::VisionSyncPanel as gpui::element::Render>::render::{closure#0}>::{closure#0}::{closure#0}>
             at /Users/bingo/Xcode/VibeHacks/zed/crates/gpui/src/app.rs:2148:14
  28: <gpui::app::entity_map::WeakEntity<zed_vision_sync::ui::VisionSyncPanel>>::update::<gpui::app::App, (), <gpui::app::context::Context<zed_vision_sync::ui::VisionSyncPanel>>::listener<gpui::interactive::ClickEvent, <zed_vision_sync::ui::VisionSyncPanel as gpui::element::Render>::render::{closure#0}>::{closure#0}::{closure#0}>::{closure#0}
             at /Users/bingo/Xcode/VibeHacks/zed/crates/gpui/src/app/entity_map.rs:708:32
  29: <core::result::Result<gpui::app::entity_map::Entity<zed_vision_sync::ui::VisionSyncPanel>, anyhow::Error>>::map::<(), <gpui::app::entity_map::WeakEntity<zed_vision_sync::ui::VisionSyncPanel>>::update<gpui::app::App, (), <gpui::app::context::Context<zed_vision_sync::ui::VisionSyncPanel>>::listener<gpui::interactive::ClickEvent, <zed_vision_sync::ui::VisionSyncPanel as gpui::element::Render>::render::{closure#0}>::{closure#0}::{closure#0}>::{closure#0}>
             at /rustc/29483883eed69d5fb4db01964cdf2af4d86e9cb2/library/core/src/result.rs:801:25
  30: <gpui::app::entity_map::WeakEntity<zed_vision_sync::ui::VisionSyncPanel>>::update::<gpui::app::App, (), <gpui::app::context::Context<zed_vision_sync::ui::VisionSyncPanel>>::listener<gpui::interactive::ClickEvent, <zed_vision_sync::ui::VisionSyncPanel as gpui::element::Render>::render::{closure#0}>::{closure#0}::{closure#0}>
             at /Users/bingo/Xcode/VibeHacks/zed/crates/gpui/src/app/entity_map.rs:708:18
  31: <gpui::app::context::Context<zed_vision_sync::ui::VisionSyncPanel>>::listener::<gpui::interactive::ClickEvent, <zed_vision_sync::ui::VisionSyncPanel as gpui::element::Render>::render::{closure#0}>::{closure#0}
             at /Users/bingo/Xcode/VibeHacks/zed/crates/gpui/src/app/context.rs:233:18
  32: <alloc::boxed::Box<dyn for<'a, 'b, 'c> core::ops::function::Fn<(&'a gpui::interactive::ClickEvent, &'b mut gpui::window::Window, &'c mut gpui::app::App), Output = ()>> as core::ops::function::Fn<(&gpui::interactive::ClickEvent, &mut gpui::window::Window, &mut gpui::app::App)>>::call
             at /rustc/29483883eed69d5fb4db01964cdf2af4d86e9cb2/library/alloc/src/boxed.rs:1980:9
  33: <ui::components::button::button_like::ButtonLike as gpui::element::RenderOnce>::render::{closure#11}::{closure#1}
             at /Users/bingo/Xcode/VibeHacks/zed/crates/ui/src/components/button/button_like.rs:656:29
  34: <gpui::elements::div::Interactivity>::on_click::<<ui::components::button::button_like::ButtonLike as gpui::element::RenderOnce>::render::{closure#11}::{closure#1}>::{closure#0}
             at /Users/bingo/Xcode/VibeHacks/zed/crates/gpui/src/elements/div.rs:488:13
  35: <gpui::elements::div::Interactivity>::paint_mouse_listeners::{closure#11}
             at /Users/bingo/Xcode/VibeHacks/zed/crates/gpui/src/elements/div.rs:2181:37
  36: <gpui::window::Window>::on_mouse_event::<gpui::interactive::MouseUpEvent, <gpui::elements::div::Interactivity>::paint_mouse_listeners::{closure#11}>::{closure#0}
             at /Users/bingo/Xcode/VibeHacks/zed/crates/gpui/src/window.rs:3398:21
  37: <alloc::boxed::Box<dyn for<'a, 'b, 'c> core::ops::function::FnMut<(&'a dyn core::any::Any, gpui::window::DispatchPhase, &'b mut gpui::window::Window, &'c mut gpui::app::App), Output = ()>> as core::ops::function::FnMut<(&dyn core::any::Any, gpui::window::DispatchPhase, &mut gpui::window::Window, &mut gpui::app::App)>>::call_mut
             at /rustc/29483883eed69d5fb4db01964cdf2af4d86e9cb2/library/alloc/src/boxed.rs:1973:9
  38: <gpui::window::Window>::dispatch_mouse_event
             at /Users/bingo/Xcode/VibeHacks/zed/crates/gpui/src/window.rs:3675:17
  39: <gpui::window::Window>::dispatch_event
             at /Users/bingo/Xcode/VibeHacks/zed/crates/gpui/src/window.rs:3634:18
  40: <gpui::window::Window>::new::{closure#10}::{closure#0}
             at /Users/bingo/Xcode/VibeHacks/zed/crates/gpui/src/window.rs:1128:61
  41: <gpui::app::App>::update_window_id::<gpui::window::DispatchEventResult, <gpui::window::Window>::new::{closure#10}::{closure#0}>::{closure#0}
             at /Users/bingo/Xcode/VibeHacks/zed/crates/gpui/src/app.rs:1366:26
  42: <gpui::app::App>::update::<core::option::Option<gpui::window::DispatchEventResult>, <gpui::app::App>::update_window_id<gpui::window::DispatchEventResult, <gpui::window::Window>::new::{closure#10}::{closure#0}>::{closure#0}>
             at /Users/bingo/Xcode/VibeHacks/zed/crates/gpui/src/app.rs:764:22
  43: <gpui::app::App>::update_window_id::<gpui::window::DispatchEventResult, <gpui::window::Window>::new::{closure#10}::{closure#0}>
             at /Users/bingo/Xcode/VibeHacks/zed/crates/gpui/src/app.rs:1360:14
  44: <gpui::app::App as gpui::AppContext>::update_window::<gpui::window::DispatchEventResult, <gpui::window::Window>::new::{closure#10}::{closure#0}>
             at /Users/bingo/Xcode/VibeHacks/zed/crates/gpui/src/app.rs:2182:14
  45: <gpui::app::async_context::AsyncApp as gpui::AppContext>::update_window::<gpui::window::DispatchEventResult, <gpui::window::Window>::new::{closure#10}::{closure#0}>
             at /Users/bingo/Xcode/VibeHacks/zed/crates/gpui/src/app/async_context.rs:89:14
  46: <gpui::window::AnyWindowHandle>::update::<gpui::app::async_context::AsyncApp, gpui::window::DispatchEventResult, <gpui::window::Window>::new::{closure#10}::{closure#0}>
             at /Users/bingo/Xcode/VibeHacks/zed/crates/gpui/src/window.rs:4789:12
  47: <gpui::window::Window>::new::{closure#10}
             at /Users/bingo/Xcode/VibeHacks/zed/crates/gpui/src/window.rs:1128:22
  48: <alloc::boxed::Box<dyn core::ops::function::FnMut<(gpui::interactive::PlatformInput,), Output = gpui::window::DispatchEventResult>> as core::ops::function::FnMut<(gpui::interactive::PlatformInput,)>>::call_mut
             at /rustc/29483883eed69d5fb4db01964cdf2af4d86e9cb2/library/alloc/src/boxed.rs:1973:9
  49: gpui::platform::mac::window::handle_view_event
             at /Users/bingo/Xcode/VibeHacks/zed/crates/gpui/src/platform/mac/window.rs:1895:13
  50: <unknown>
  51: <unknown>
  52: <unknown>
  53: <unknown>
  54: <unknown>
  55: <unknown>
  56: <() as objc::message::MessageArguments>::invoke::<()>
             at /Users/bingo/.cargo/registry/src/index.crates.io-1949cf8c6b5b557f/objc-0.2.7/src/message/mod.rs:128:17
  57: objc::message::platform::send_unverified::<objc::runtime::Object, (), ()>
             at /Users/bingo/.cargo/registry/src/index.crates.io-1949cf8c6b5b557f/objc-0.2.7/src/message/apple/mod.rs:27:9
  58: objc::message::send_message::<objc::runtime::Object, (), ()>
             at /Users/bingo/.cargo/registry/src/index.crates.io-1949cf8c6b5b557f/objc-0.2.7/src/message/mod.rs:178:5
      <*mut objc::runtime::Object as cocoa::appkit::NSApplication>::run
             at /Users/bingo/.cargo/registry/src/index.crates.io-1949cf8c6b5b557f/cocoa-0.26.0/src/appkit.rs:628:9
  59: <gpui::platform::mac::platform::MacPlatform as gpui::platform::Platform>::run
             at /Users/bingo/Xcode/VibeHacks/zed/crates/gpui/src/platform/mac/platform.rs:491:17
  60: <gpui::app::Application>::run::<zed::main::{closure#8}>
             at /Users/bingo/Xcode/VibeHacks/zed/crates/gpui/src/app.rs:180:18
  61: zed::main
             at /Users/bingo/Xcode/VibeHacks/zed/crates/zed/src/main.rs:383:9
  62: zed::main
             at /Users/bingo/Xcode/VibeHacks/zed/crates/zed/src/zed-main.rs:7:5
  63: <fn() as core::ops::function::FnOnce<()>>::call_once
             at /rustc/29483883eed69d5fb4db01964cdf2af4d86e9cb2/library/core/src/ops/function.rs:250:5
  64: std::sys::backtrace::__rust_begin_short_backtrace::<fn(), ()>
             at /rustc/29483883eed69d5fb4db01964cdf2af4d86e9cb2/library/std/src/sys/backtrace.rs:152:18
  65: std::rt::lang_start::<()>::{closure#0}
             at /rustc/29483883eed69d5fb4db01964cdf2af4d86e9cb2/library/std/src/rt.rs:206:18
  66: core::ops::function::impls::<impl core::ops::function::FnOnce<A> for &F>::call_once
             at /rustc/29483883eed69d5fb4db01964cdf2af4d86e9cb2/library/core/src/ops/function.rs:284:21
      std::panicking::catch_unwind::do_call
             at /rustc/29483883eed69d5fb4db01964cdf2af4d86e9cb2/library/std/src/panicking.rs:589:40
      std::panicking::catch_unwind
             at /rustc/29483883eed69d5fb4db01964cdf2af4d86e9cb2/library/std/src/panicking.rs:552:19
      std::panic::catch_unwind
             at /rustc/29483883eed69d5fb4db01964cdf2af4d86e9cb2/library/std/src/panic.rs:359:14
      std::rt::lang_start_internal::{{closure}}
             at /rustc/29483883eed69d5fb4db01964cdf2af4d86e9cb2/library/std/src/rt.rs:175:24
      std::panicking::catch_unwind::do_call
             at /rustc/29483883eed69d5fb4db01964cdf2af4d86e9cb2/library/std/src/panicking.rs:589:40
      std::panicking::catch_unwind
             at /rustc/29483883eed69d5fb4db01964cdf2af4d86e9cb2/library/std/src/panicking.rs:552:19
      std::panic::catch_unwind
             at /rustc/29483883eed69d5fb4db01964cdf2af4d86e9cb2/library/std/src/panic.rs:359:14
      std::rt::lang_start_internal
             at /rustc/29483883eed69d5fb4db01964cdf2af4d86e9cb2/library/std/src/rt.rs:171:5
  67: std::rt::lang_start::<()>
             at /rustc/29483883eed69d5fb4db01964cdf2af4d86e9cb2/library/std/src/rt.rs:205:5
  68: _main

